<?xml version="1.0" encoding="UTF-8"?>
<!-- Generated by org.testng.reporters.JUnitXMLReporter -->
<testsuite ignored="0" hostname="Aparna-Juvvanapudu-B364-MacBook-Pro.local" failures="1" tests="3" name="Test" time="17.961" errors="0" timestamp="2022-06-05T23:54:51 IST">
  <testcase classname="seleniumwebdrivermanager.webdrivermanagertest" name="logo" time="5.106">
    <failure type="java.lang.AssertionError" message="expected:&amp;lt;[[ChromeDriver: chrome on MAC (4edb8ba831dabc587949edf87343a05e)] -&amp;gt; xpath: //div[@class=&amp;apos;col-4&amp;apos;]]&amp;gt; but was:&amp;lt;true&amp;gt;">
      <![CDATA[java.lang.AssertionError: expected:<[[ChromeDriver: chrome on MAC (4edb8ba831dabc587949edf87343a05e)] -> xpath: //div[@class='col-4']]]]><![CDATA[> but was:<true>
at seleniumwebdrivermanager.webdrivermanagertest.logo(webdrivermanagertest.java:47)
at java.base/java.util.ArrayList.forEach(ArrayList.java:1511)
... Removed 31 stack frames]]>
    </failure>
  </testcase> <!-- logo -->
  <testcase classname="seleniumwebdrivermanager.webdrivermanagertest" name="postcode" time="0.164"/>
  <testcase classname="seleniumwebdrivermanager.webdrivermanagertest" name="dogname" time="0.126"/>
</testsuite> <!-- Test -->
