<?xml version="1.0" encoding="UTF-8"?>
<testng-results ignored="0" total="1" passed="1" failed="0" skipped="0">
  <reporter-output>
  </reporter-output>
  <suite started-at="2022-09-14T22:52:03 IST" name="Default suite" finished-at="2022-09-14T22:52:21 IST" duration-ms="18022">
    <groups>
    </groups>
    <test started-at="2022-09-14T22:52:03 IST" name="Default test" finished-at="2022-09-14T22:52:21 IST" duration-ms="18022">
      <class name="com.lyka.qa.testcases.postcodepage_test">
        <test-method is-config="true" signature="setup()[pri:0, instance:com.lyka.qa.testcases.postcodepage_test@342c38f8]" started-at="2022-09-14T22:52:03 IST" name="setup" finished-at="2022-09-14T22:52:14 IST" duration-ms="11316" status="PASS">
          <reporter-output>
          </reporter-output>
        </test-method> <!-- setup -->
        <test-method signature="validatepostcodepagetest()[pri:1, instance:com.lyka.qa.testcases.postcodepage_test@342c38f8]" started-at="2022-09-14T22:52:14 IST" name="validatepostcodepagetest" finished-at="2022-09-14T22:52:19 IST" duration-ms="5214" status="PASS">
          <reporter-output>
          </reporter-output>
        </test-method> <!-- validatepostcodepagetest -->
        <test-method is-config="true" signature="tearDown()[pri:0, instance:com.lyka.qa.testcases.postcodepage_test@342c38f8]" started-at="2022-09-14T22:52:19 IST" name="tearDown" finished-at="2022-09-14T22:52:21 IST" duration-ms="1371" status="PASS">
          <reporter-output>
          </reporter-output>
        </test-method> <!-- tearDown -->
      </class> <!-- com.lyka.qa.testcases.postcodepage_test -->
    </test> <!-- Default test -->
  </suite> <!-- Default suite -->
</testng-results>
